[debug] [2024-12-25T13:36:35.662Z] ----------------------------------------------------------------------
[debug] [2024-12-25T13:36:35.675Z] Command:       C:\Program Files (x86)\nodejs\node.exe C:\Users\НР\AppData\Roaming\npm\node_modules\firebase-tools\lib\bin\firebase.js init
[debug] [2024-12-25T13:36:35.675Z] CLI Version:   13.29.1
[debug] [2024-12-25T13:36:35.676Z] Platform:      win32
[debug] [2024-12-25T13:36:35.676Z] Node Version:  v20.13.1
[debug] [2024-12-25T13:36:35.676Z] Time:          Wed Dec 25 2024 17:36:35 GMT+0400 (Azerbaijan Standard Time)
[debug] [2024-12-25T13:36:35.676Z] ----------------------------------------------------------------------
[debug] 
[debug] [2024-12-25T13:36:35.704Z] > command requires scopes: ["email","openid","https://www.googleapis.com/auth/cloudplatformprojects.readonly","https://www.googleapis.com/auth/firebase","https://www.googleapis.com/auth/cloud-platform"]
[debug] [2024-12-25T13:36:35.705Z] > authorizing via signed-in user (zehramemmedzade438@gmail.com)
[info] 
     ######## #### ########  ######## ########     ###     ######  ########
     ##        ##  ##     ## ##       ##     ##  ##   ##  ##       ##
     ######    ##  ########  ######   ########  #########  ######  ######
     ##        ##  ##    ##  ##       ##     ## ##     ##       ## ##
     ##       #### ##     ## ######## ########  ##     ##  ######  ########

You're about to initialize a Firebase project in this directory:

  C:\Users\НР\OneDrive - Bureau on ICT for Education, Ministry of Education\Рабочий стол\gh-actions-react-firebase

[debug] [2024-12-25T13:37:32.755Z] ----------------------------------------------------------------------
[debug] [2024-12-25T13:37:32.759Z] Command:       C:\Program Files (x86)\nodejs\node.exe C:\Users\НР\AppData\Roaming\npm\node_modules\firebase-tools\lib\bin\firebase.js init hosting
[debug] [2024-12-25T13:37:32.759Z] CLI Version:   13.29.1
[debug] [2024-12-25T13:37:32.760Z] Platform:      win32
[debug] [2024-12-25T13:37:32.760Z] Node Version:  v20.13.1
[debug] [2024-12-25T13:37:32.760Z] Time:          Wed Dec 25 2024 17:37:32 GMT+0400 (Azerbaijan Standard Time)
[debug] [2024-12-25T13:37:32.760Z] ----------------------------------------------------------------------
[debug] 
[debug] [2024-12-25T13:37:32.773Z] > command requires scopes: ["email","openid","https://www.googleapis.com/auth/cloudplatformprojects.readonly","https://www.googleapis.com/auth/firebase","https://www.googleapis.com/auth/cloud-platform"]
[debug] [2024-12-25T13:37:32.774Z] > authorizing via signed-in user (zehramemmedzade438@gmail.com)
[info] 
     ######## #### ########  ######## ########     ###     ######  ########
     ##        ##  ##     ## ##       ##     ##  ##   ##  ##       ##
     ######    ##  ########  ######   ########  #########  ######  ######
     ##        ##  ##    ##  ##       ##     ## ##     ##       ## ##
     ##       #### ##     ## ######## ########  ##     ##  ######  ########

You're about to initialize a Firebase project in this directory:

  C:\Users\НР\OneDrive - Bureau on ICT for Education, Ministry of Education\Рабочий стол\gh-actions-react-firebase

[info] 
=== Project Setup
[info] 
[info] First, let's associate this project directory with a Firebase project.
[info] You can create multiple project aliases by running firebase use --add, 
[info] but for now we'll just set up a default project.
[info] 
[debug] [2024-12-25T13:37:57.343Z] Checked if tokens are valid: true, expires at: 1735136822646
[debug] [2024-12-25T13:37:57.343Z] Checked if tokens are valid: true, expires at: 1735136822646
[debug] [2024-12-25T13:37:57.347Z] >>> [apiv2][query] GET https://firebase.googleapis.com/v1beta1/projects pageSize=100
[debug] [2024-12-25T13:37:58.020Z] <<< [apiv2][status] GET https://firebase.googleapis.com/v1beta1/projects 200
[debug] [2024-12-25T13:37:58.020Z] <<< [apiv2][body] GET https://firebase.googleapis.com/v1beta1/projects [omitted]
[info] i  Using project gh-actions-react-firebas-d3f24 (gh-actions-react-firebase) 
[info] 
=== Hosting Setup
[debug] [2024-12-25T13:38:27.278Z] Checked if tokens are valid: true, expires at: 1735136822646
[debug] [2024-12-25T13:38:27.278Z] Checked if tokens are valid: true, expires at: 1735136822646
[debug] [2024-12-25T13:38:27.279Z] >>> [apiv2][query] GET https://firebase.googleapis.com/v1beta1/projects/gh-actions-react-firebas-d3f24 [none]
[debug] [2024-12-25T13:38:27.708Z] <<< [apiv2][status] GET https://firebase.googleapis.com/v1beta1/projects/gh-actions-react-firebas-d3f24 200
[debug] [2024-12-25T13:38:27.708Z] <<< [apiv2][body] GET https://firebase.googleapis.com/v1beta1/projects/gh-actions-react-firebas-d3f24 {"projectId":"gh-actions-react-firebas-d3f24","projectNumber":"632404002503","displayName":"gh-actions-react-firebase","name":"projects/gh-actions-react-firebas-d3f24","resources":{"hostingSite":"gh-actions-react-firebas-d3f24"},"state":"ACTIVE","etag":"1_7c9a6157-c6c3-4659-b02f-98dfccbc1829"}
[info] 
[info] Your public directory is the folder (relative to your project directory) that
[info] will contain Hosting assets to be uploaded with firebase deploy. If you
[info] have a build process for your assets, use your build's output directory.
[info] 
[debug] [2024-12-25T13:39:08.384Z] >>> [apiv2][query] GET https://www.gstatic.com/firebasejs/releases.json [none]
[debug] [2024-12-25T13:39:08.666Z] <<< [apiv2][status] GET https://www.gstatic.com/firebasejs/releases.json 200
[debug] [2024-12-25T13:39:08.667Z] <<< [apiv2][body] GET https://www.gstatic.com/firebasejs/releases.json {"current":{"version":"11.1.0","browserURL":"https://www.gstatic.com/firebasejs/11.1.0/firebase.js","packageURL":"https://www.gstatic.com/firebasejs/11.1.0/firebase.tgz"},"live":{"version":"11.1","browserURL":"https://www.gstatic.com/firebasejs/live/11.1/firebase.js","packageURL":"https://www.gstatic.com/firebasejs/live/11.1/firebase.tgz"},"components":{"analytics":"https://www.gstatic.com/firebasejs/11.1.0/firebase-analytics.js","app":"https://www.gstatic.com/firebasejs/11.1.0/firebase-app.js","app-check":"https://www.gstatic.com/firebasejs/11.1.0/firebase-app-check.js","auth":"https://www.gstatic.com/firebasejs/11.1.0/firebase-auth.js","auth/cordova":"https://www.gstatic.com/firebasejs/11.1.0/firebase-auth/cordova.js","auth/web-extension":"https://www.gstatic.com/firebasejs/11.1.0/firebase-auth/web-extension.js","functions":"https://www.gstatic.com/firebasejs/11.1.0/firebase-functions.js","firestore":"https://www.gstatic.com/firebasejs/11.1.0/firebase-firestore.js","firestore/lite":"https://www.gstatic.com/firebasejs/11.1.0/firebase-firestore/lite.js","installations":"https://www.gstatic.com/firebasejs/11.1.0/firebase-installations.js","storage":"https://www.gstatic.com/firebasejs/11.1.0/firebase-storage.js","performance":"https://www.gstatic.com/firebasejs/11.1.0/firebase-performance.js","remote-config":"https://www.gstatic.com/firebasejs/11.1.0/firebase-remote-config.js","messaging":"https://www.gstatic.com/firebasejs/11.1.0/firebase-messaging.js","messaging/sw":"https://www.gstatic.com/firebasejs/11.1.0/firebase-messaging/sw.js","database":"https://www.gstatic.com/firebasejs/11.1.0/firebase-database.js","vertexai":"https://www.gstatic.com/firebasejs/11.1.0/firebase-vertexai.js","data-connect":"https://www.gstatic.com/firebasejs/11.1.0/firebase-data-connect.js","firestore.memory":"https://www.gstatic.com/firebasejs/11.1.0/firebase-firestore.memory.js"}}
[info] +  Wrote build/index.html 
[info] 
[info] i  Detected a .git folder at C:\Users\НР\OneDrive - Bureau on ICT for Education, Ministry of Education\Рабочий стол\gh-actions-react-firebase 
[info] i  Authorizing with GitHub to upload your service account to a GitHub repository's secrets store. 
[info] 
[info] Visit this URL on this device to log in:
[info] https://github.com/login/oauth/authorize?client_id=89cf50f02ac6aaed3484&state=937493592&redirect_uri=http%3A%2F%2Flocalhost%3A9005&scope=read%3Auser%20repo%20public_repo
[info] 
[info] Waiting for authentication...
[debug] [2024-12-25T13:39:31.308Z] >>> [apiv2][query] POST https://github.com/login/oauth/access_token [none]
[debug] [2024-12-25T13:39:31.308Z] >>> [apiv2][body] POST https://github.com/login/oauth/access_token [stream]
[debug] [2024-12-25T13:39:31.787Z] <<< [apiv2][status] POST https://github.com/login/oauth/access_token 200
[debug] [2024-12-25T13:39:31.787Z] <<< [apiv2][body] POST https://github.com/login/oauth/access_token {"access_token":"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","token_type":"bearer","scope":"read:user,repo"}
[debug] [2024-12-25T13:39:31.798Z] >>> [apiv2][query] GET https://api.github.com/user [none]
[debug] [2024-12-25T13:39:32.404Z] <<< [apiv2][status] GET https://api.github.com/user 200
[debug] [2024-12-25T13:39:32.404Z] <<< [apiv2][body] GET https://api.github.com/user {"login":"MemmedzadeZ","id":139117868,"node_id":"U_kgDOCErFLA","avatar_url":"https://avatars.githubusercontent.com/u/139117868?v=4","gravatar_id":"","url":"https://api.github.com/users/MemmedzadeZ","html_url":"https://github.com/MemmedzadeZ","followers_url":"https://api.github.com/users/MemmedzadeZ/followers","following_url":"https://api.github.com/users/MemmedzadeZ/following{/other_user}","gists_url":"https://api.github.com/users/MemmedzadeZ/gists{/gist_id}","starred_url":"https://api.github.com/users/MemmedzadeZ/starred{/owner}{/repo}","subscriptions_url":"https://api.github.com/users/MemmedzadeZ/subscriptions","organizations_url":"https://api.github.com/users/MemmedzadeZ/orgs","repos_url":"https://api.github.com/users/MemmedzadeZ/repos","events_url":"https://api.github.com/users/MemmedzadeZ/events{/privacy}","received_events_url":"https://api.github.com/users/MemmedzadeZ/received_events","type":"User","user_view_type":"private","site_admin":false,"name":"Zehra.M","company":null,"blog":"","location":null,"email":null,"hireable":null,"bio":null,"twitter_username":null,"notification_email":null,"public_repos":95,"public_gists":0,"followers":0,"following":3,"created_at":"2023-07-10T09:04:10Z","updated_at":"2024-12-25T13:39:23Z","private_gists":0,"total_private_repos":65,"owned_private_repos":65,"disk_usage":263567,"collaborators":1,"two_factor_authentication":false,"plan":{"name":"free","space":976562499,"collaborators":0,"private_repos":10000}}
[info] 
[info] +  Success! Logged into GitHub as MemmedzadeZ 
[info] 
